{"/Users/DillonJayLundell/Desktop/The-Band/site/app/actions/actions.js": {"path":"/Users/DillonJayLundell/Desktop/The-Band/site/app/actions/actions.js","statementMap":{"0":{"start":{"line":1,"column":24},"end":{"line":1,"column":34}},"1":{"start":{"line":2,"column":27},"end":{"line":2,"column":40}}},"fnMap":{},"branchMap":{},"s":{"0":1,"1":1},"f":{},"b":{},"_coverageSchema":"332fd63041d2c1bcb487cc26dd0d5f7d97098a6c","hash":"f5c84957265247f5503ac32c172d89ba0245d205"}
,"/Users/DillonJayLundell/Desktop/The-Band/site/app/actions/select_song_action.js": {"path":"/Users/DillonJayLundell/Desktop/The-Band/site/app/actions/select_song_action.js","statementMap":{"0":{"start":{"line":4,"column":1},"end":{"line":7,"column":2}}},"fnMap":{"0":{"name":"selectSong","decl":{"start":{"line":3,"column":16},"end":{"line":3,"column":26}},"loc":{"start":{"line":3,"column":33},"end":{"line":8,"column":1}}}},"branchMap":{},"s":{"0":1},"f":{"0":1},"b":{},"_coverageSchema":"332fd63041d2c1bcb487cc26dd0d5f7d97098a6c","hash":"a83d79d9b502897efd9bd6d09e998b0f94e93743"}
,"/Users/DillonJayLundell/Desktop/The-Band/site/app/actions/song_actions.js": {"path":"/Users/DillonJayLundell/Desktop/The-Band/site/app/actions/song_actions.js","statementMap":{"0":{"start":{"line":4,"column":1},"end":{"line":7,"column":2}}},"fnMap":{"0":{"name":"addSong","decl":{"start":{"line":3,"column":16},"end":{"line":3,"column":23}},"loc":{"start":{"line":3,"column":30},"end":{"line":8,"column":1}}}},"branchMap":{},"s":{"0":1},"f":{"0":1},"b":{},"_coverageSchema":"332fd63041d2c1bcb487cc26dd0d5f7d97098a6c","hash":"ea33c3afb5fb9cc2c28f2b585a81df488273d90c"}
,"/Users/DillonJayLundell/Desktop/The-Band/site/app/reducers/active_song_reducer.js": {"path":"/Users/DillonJayLundell/Desktop/The-Band/site/app/reducers/active_song_reducer.js","statementMap":{"0":{"start":{"line":2,"column":1},"end":{"line":6,"column":2}},"1":{"start":{"line":4,"column":3},"end":{"line":4,"column":26}},"2":{"start":{"line":5,"column":3},"end":{"line":5,"column":9}},"3":{"start":{"line":7,"column":1},"end":{"line":7,"column":14}}},"fnMap":{"0":{"name":"(anonymous_0)","decl":{"start":{"line":1,"column":15},"end":{"line":1,"column":16}},"loc":{"start":{"line":1,"column":44},"end":{"line":8,"column":1}}}},"branchMap":{"0":{"loc":{"start":{"line":1,"column":24},"end":{"line":1,"column":34}},"type":"default-arg","locations":[{"start":{"line":1,"column":30},"end":{"line":1,"column":34}}]},"1":{"loc":{"start":{"line":2,"column":1},"end":{"line":6,"column":2}},"type":"switch","locations":[{"start":{"line":3,"column":2},"end":{"line":5,"column":9}}]}},"s":{"0":4,"1":1,"2":1,"3":4},"f":{"0":4},"b":{"0":[2],"1":[1]},"_coverageSchema":"332fd63041d2c1bcb487cc26dd0d5f7d97098a6c","hash":"9dbad8612dde2f5cbb118f2f439d10dd0d3598b2"}
,"/Users/DillonJayLundell/Desktop/The-Band/site/app/reducers/add_some_data_reducer.js": {"path":"/Users/DillonJayLundell/Desktop/The-Band/site/app/reducers/add_some_data_reducer.js","statementMap":{"0":{"start":{"line":2,"column":4},"end":{"line":6,"column":5}},"1":{"start":{"line":4,"column":12},"end":{"line":4,"column":35}},"2":{"start":{"line":5,"column":12},"end":{"line":5,"column":18}},"3":{"start":{"line":7,"column":4},"end":{"line":7,"column":16}}},"fnMap":{"0":{"name":"(anonymous_0)","decl":{"start":{"line":1,"column":15},"end":{"line":1,"column":16}},"loc":{"start":{"line":1,"column":43},"end":{"line":8,"column":1}}}},"branchMap":{"0":{"loc":{"start":{"line":1,"column":24},"end":{"line":1,"column":34}},"type":"default-arg","locations":[{"start":{"line":1,"column":30},"end":{"line":1,"column":34}}]},"1":{"loc":{"start":{"line":2,"column":4},"end":{"line":6,"column":5}},"type":"switch","locations":[{"start":{"line":3,"column":8},"end":{"line":5,"column":18}}]}},"s":{"0":4,"1":0,"2":0,"3":4},"f":{"0":4},"b":{"0":[2],"1":[0]},"_coverageSchema":"332fd63041d2c1bcb487cc26dd0d5f7d97098a6c","hash":"f6c2182c93ab3556c6530d27dc3e789692834f6b"}
,"/Users/DillonJayLundell/Desktop/The-Band/site/app/reducers/index.js": {"path":"/Users/DillonJayLundell/Desktop/The-Band/site/app/reducers/index.js","statementMap":{"0":{"start":{"line":6,"column":20},"end":{"line":10,"column":2}}},"fnMap":{},"branchMap":{},"s":{"0":1},"f":{},"b":{},"_coverageSchema":"332fd63041d2c1bcb487cc26dd0d5f7d97098a6c","hash":"67c010ac94b1978ed784be7ff0d62122699e7635"}
,"/Users/DillonJayLundell/Desktop/The-Band/site/app/reducers/songs_reducer.js": {"path":"/Users/DillonJayLundell/Desktop/The-Band/site/app/reducers/songs_reducer.js","statementMap":{"0":{"start":{"line":3,"column":1},"end":{"line":10,"column":2}},"1":{"start":{"line":5,"column":3},"end":{"line":5,"column":38}},"2":{"start":{"line":6,"column":3},"end":{"line":6,"column":9}},"3":{"start":{"line":8,"column":3},"end":{"line":8,"column":57}},"4":{"start":{"line":8,"column":32},"end":{"line":8,"column":55}},"5":{"start":{"line":9,"column":3},"end":{"line":9,"column":9}},"6":{"start":{"line":11,"column":1},"end":{"line":11,"column":14}}},"fnMap":{"0":{"name":"(anonymous_0)","decl":{"start":{"line":2,"column":15},"end":{"line":2,"column":16}},"loc":{"start":{"line":2,"column":93},"end":{"line":12,"column":1}}},"1":{"name":"(anonymous_1)","decl":{"start":{"line":8,"column":24},"end":{"line":8,"column":25}},"loc":{"start":{"line":8,"column":32},"end":{"line":8,"column":55}}}},"branchMap":{"0":{"loc":{"start":{"line":2,"column":24},"end":{"line":2,"column":83}},"type":"default-arg","locations":[{"start":{"line":2,"column":30},"end":{"line":2,"column":83}}]},"1":{"loc":{"start":{"line":3,"column":1},"end":{"line":10,"column":2}},"type":"switch","locations":[{"start":{"line":4,"column":2},"end":{"line":6,"column":9}},{"start":{"line":7,"column":2},"end":{"line":9,"column":9}}]}},"s":{"0":4,"1":1,"2":1,"3":0,"4":0,"5":0,"6":4},"f":{"0":4,"1":0},"b":{"0":[2],"1":[1,0]},"_coverageSchema":"332fd63041d2c1bcb487cc26dd0d5f7d97098a6c","hash":"88124f3f62c998594b75b258a4e2a37d13dc0eda"}
}
