TN:
SF:/Users/DillonJayLundell/Desktop/The-Band/site/app/actions/actions.js
FNF:0
FNH:0
DA:1,1
DA:2,1
LF:2
LH:2
BRF:0
BRH:0
end_of_record
TN:
SF:/Users/DillonJayLundell/Desktop/The-Band/site/app/actions/select_song_action.js
FN:3,selectSong
FNF:1
FNH:1
FNDA:1,selectSong
DA:4,1
LF:1
LH:1
BRF:0
BRH:0
end_of_record
TN:
SF:/Users/DillonJayLundell/Desktop/The-Band/site/app/actions/song_actions.js
FN:3,addSong
FNF:1
FNH:1
FNDA:1,addSong
DA:4,1
LF:1
LH:1
BRF:0
BRH:0
end_of_record
TN:
SF:/Users/DillonJayLundell/Desktop/The-Band/site/app/reducers/active_song_reducer.js
FN:1,(anonymous_0)
FNF:1
FNH:1
FNDA:4,(anonymous_0)
DA:2,4
DA:4,1
DA:5,1
DA:7,4
LF:4
LH:4
BRDA:1,0,0,2
BRDA:2,1,0,1
BRF:2
BRH:2
end_of_record
TN:
SF:/Users/DillonJayLundell/Desktop/The-Band/site/app/reducers/add_some_data_reducer.js
FN:1,(anonymous_0)
FNF:1
FNH:1
FNDA:4,(anonymous_0)
DA:2,4
DA:4,0
DA:5,0
DA:7,4
LF:4
LH:2
BRDA:1,0,0,2
BRDA:2,1,0,0
BRF:2
BRH:1
end_of_record
TN:
SF:/Users/DillonJayLundell/Desktop/The-Band/site/app/reducers/index.js
FNF:0
FNH:0
DA:6,1
LF:1
LH:1
BRF:0
BRH:0
end_of_record
TN:
SF:/Users/DillonJayLundell/Desktop/The-Band/site/app/reducers/songs_reducer.js
FN:2,(anonymous_0)
FN:8,(anonymous_1)
FNF:2
FNH:1
FNDA:4,(anonymous_0)
FNDA:0,(anonymous_1)
DA:3,4
DA:5,1
DA:6,1
DA:8,0
DA:9,0
DA:11,4
LF:6
LH:4
BRDA:2,0,0,2
BRDA:3,1,0,1
BRDA:3,1,1,0
BRF:3
BRH:2
end_of_record
